21-07-27 20:47:35.028 - INFO:   name: EDVR
  use_tb_logger: True
  model: video_base
  distortion: sr
  scale: 1
  gpu_ids: [0]
  datasets:[
    train:[
      name: EDVR
      mode: Vimeo90K
      interval_list: [1]
      random_reverse: False
      border_mode: False
      dataroot: ../data/REDS/train
      cache_keys: None
      filelist: ../data/REDS/train/groups.txt
      N_frames: 5
      use_shuffle: True
      n_workers: 0
      batch_size: 8
      GT_size: 128
      LQ_size: 128
      augment: True
      color: RGB
      phase: train
      scale: 1
      data_type: img
    ]
    val:[
      name: EDVR
      mode: video_test
      n_workers: 0
      filelist: ../data/REDS/val/groups.txt
      cache_data: None
      batch_size: 1
      use_shuffle: False
      phase: val
      scale: 1
      data_type: img
    ]
  ]
  network_G:[
    which_model_G: EDVR
    nf: 32
    nframes: 5
    groups: 8
    front_RBs: 5
    back_RBs: 10
    predeblur: False
    HR_in: False
    w_TSA: True
    scale: 1
  ]
  path:[
    root: output
    results_root: output
    pretrain_model_G: pretrained/EDVR_L_deblur_REDS_official-ca46bd8c.pth
    strict_load: False
    resume_state: None
    experiments_root: output/experiments/EDVR
    models: output/experiments/EDVR/models
    training_state: output/experiments/EDVR/training_state
    log: output/experiments/EDVR
    val_images: output/experiments/EDVR/val_images
  ]
  train:[
    lr_G: 0.0004
    lr_scheme: CosineAnnealingLR_Restart
    beta1: 0.9
    beta2: 0.99
    niter: 600001
    ft_tsa_only: None
    warmup_iter: -1
    T_period: [50000, 150000, 150000, 150000]
    restarts: [150000, 300000, 450000]
    restart_weights: [1, 1, 1]
    eta_min: 5e-06
    pixel_criterion: cb
    pixel_weight: 1.0
    val_freq: 7000.0
    manual_seed: 0
  ]
  logger:[
    print_freq: 10
    save_checkpoint_freq: 10000.0
  ]
  is_train: True
  dist: False

21-07-27 20:47:35.029 - INFO: Random seed: 0
21-07-27 20:47:35.214 - INFO: Dataset [DatasetFromFolder - EDVR] is created.
21-07-27 20:47:35.214 - INFO: Number of train images: 24,000, iters: 3,000
21-07-27 20:47:35.214 - INFO: Total epochs needed: 201 for iters 600,001
21-07-27 20:47:35.249 - INFO: Dataset [DatasetFromFolder - EDVR] is created.
21-07-27 20:47:35.249 - INFO: Number of val images in [EDVR]: 3000
